<?xml version="1.0" encoding="UTF-8"?>
<testsuite xmlns:xsi="http://www.w3.org/2001/XMLSchema-instance" xsi:noNamespaceSchemaLocation="https://maven.apache.org/surefire/maven-surefire-plugin/xsd/surefire-test-report.xsd" name="co.edu.uniquindio.proyecto.test.UsuarioRestTest" time="28.584" tests="5" errors="0" skipped="0" failures="0">
  <properties>
[...]
</properties>
  <testcase name="listarUsuarios" classname="co.edu.uniquindio.proyecto.test.UsuarioRestTest" time="1.236"/>
  <testcase name="obtenerUsuarioTest" classname="co.edu.uniquindio.proyecto.test.UsuarioRestTest" time="0.473"/>
  <testcase name="actualizarUsuarioTest" classname="co.edu.uniquindio.proyecto.test.UsuarioRestTest" time="0.551"/>
  <testcase name="registrarUsuarioTest" classname="co.edu.uniquindio.proyecto.test.UsuarioRestTest" time="0.573"/>
  <testcase name="eliminarUsuarioTest" classname="co.edu.uniquindio.proyecto.test.UsuarioRestTest" time="0.406"/>
</testsuite>